<?xml version="1.0" encoding="UTF-8"?>
<!-- Generated by org.testng.reporters.JUnitReportReporter -->
<testsuite hostname="DESKTOP-HGU5QS0" name="TriangleTest" tests="3" failures="0" timestamp="2 May 2018 13:01:31 GMT" time="0.011" errors="0">
  <testcase name="testDiffOfBorders" time="0.009" classname="TriangleTest"/>
  <testcase name="testGetType" time="0.002" classname="TriangleTest"/>
  <testcase name="testIsTriangle" time="0.000" classname="TriangleTest"/>
</testsuite> <!-- TriangleTest -->
